<?xml version="1.0" encoding="UTF-8"?>
<testng-results ignored="0" total="1" passed="1" failed="0" skipped="0">
  <reporter-output>
  </reporter-output>
  <suite started-at="2024-06-14T22:15:28 IST" name="TestSuite" finished-at="2024-06-14T22:15:33 IST" duration-ms="5092">
    <groups>
    </groups>
    <test started-at="2024-06-14T22:15:28 IST" name="Test" finished-at="2024-06-14T22:15:33 IST" duration-ms="5092">
      <class name="testCases.TestCase1">
        <test-method signature="run()[pri:0, instance:testCases.TestCase1@72f926e6]" started-at="2024-06-14T22:15:28 IST" name="run" finished-at="2024-06-14T22:15:33 IST" duration-ms="5067" status="PASS">
          <reporter-output>
          </reporter-output>
        </test-method> <!-- run -->
      </class> <!-- testCases.TestCase1 -->
    </test> <!-- Test -->
  </suite> <!-- TestSuite -->
</testng-results>
