<?xml version="1.0" encoding="UTF-8"?>
<testng-results ignored="0" total="1" passed="1" failed="0" skipped="0">
  <reporter-output>
  </reporter-output>
  <suite started-at="2024-06-13T00:32:11 IST" name="TestSuite" finished-at="2024-06-13T00:32:22 IST" duration-ms="11205">
    <groups>
    </groups>
    <test started-at="2024-06-13T00:32:11 IST" name="Test" finished-at="2024-06-13T00:32:22 IST" duration-ms="11205">
      <class name="selenium.EmiCalculatorTest">
        <test-method signature="test()[pri:0, instance:selenium.EmiCalculatorTest@550dbc7a]" started-at="2024-06-13T00:32:11 IST" name="test" finished-at="2024-06-13T00:32:22 IST" duration-ms="11138" status="PASS">
          <reporter-output>
          </reporter-output>
        </test-method> <!-- test -->
      </class> <!-- selenium.EmiCalculatorTest -->
    </test> <!-- Test -->
  </suite> <!-- TestSuite -->
</testng-results>
