<?xml version="1.0" encoding="UTF-8"?>
<testsuite xmlns:xsi="http://www.w3.org/2001/XMLSchema-instance" xsi:noNamespaceSchemaLocation="https://maven.apache.org/surefire/maven-surefire-plugin/xsd/surefire-test-report-3.0.xsd" version="3.0" name="cucumber.runners.TestRunner" time="175.028" tests="6" errors="0" skipped="0" failures="0">
  <properties>
[...]
</properties>
  <testcase name="Calculating car loan emi with various inputs #1" classname="Calculate Car Loan Emi" time="12.362">
    <system-out><![CDATA[
@smoke
Scenario Outline: Calculating car loan emi with various inputs &amp#27;[90m# src/test/resources/features/car_emi_calculator.feature:33&amp#27;[0m
  &amp#27;[32mGiven &amp#27;[0m&amp#27;[32mthe user is on the emi_calculator page using chrome&amp#27;[0m    &amp#27;[90m# cucumber.stepDefinitions.CalculateCarLoanEmiSteps.the_user_is_on_the_emi_calculator_page_using_chrome()&amp#27;[0m

    Embedding clickCarLoanTab_chrome.png [image/png 176924 bytes]

  &amp#27;[32mWhen &amp#27;[0m&amp#27;[32mthe user clicks on the car_loan tab&amp#27;[0m                     &amp#27;[90m# cucumber.stepDefinitions.CalculateCarLoanEmiSteps.the_user_clicks_on_the_car_loan_tab()&amp#27;[0m

    Embedding setCarLoanAmount_chrome.png [image/png 171137 bytes]

  &amp#27;[32mWhen &amp#27;[0m&amp#27;[32mthe user enters the car loan amount &amp#27;[0m&amp#27;[32m&amp#27;[1m1500000&amp#27;[0m             &amp#27;[90m# cucumber.stepDefinitions.CalculateCarLoanEmiSteps.the_user_enters_the_car_loan_amount(java.lang.Integer)&amp#27;[0m

    Embedding setCarLoanInterestRate_chrome.png [image/png 104441 bytes]

  &amp#27;[32mWhen &amp#27;[0m&amp#27;[32mthe user enters the car loan interest &amp#27;[0m&amp#27;[32m&amp#27;[1m9.5&amp#27;[0m               &amp#27;[90m# cucumber.stepDefinitions.CalculateCarLoanEmiSteps.the_user_enters_the_loan_interest(java.lang.Float)&amp#27;[0m

    Embedding setCarLoanTenure_chrome.png [image/png 101430 bytes]

  &amp#27;[32mWhen &amp#27;[0m&amp#27;[32mthe user enters the car loan tenure &amp#27;[0m&amp#27;[32m&amp#27;[1m1&amp#27;[0m&amp#27;[32m year&amp#27;[0m              &amp#27;[90m# cucumber.stepDefinitions.CalculateCarLoanEmiSteps.the_user_enters_the_loan_tenure_year(java.lang.Integer)&amp#27;[0m

    Embedding getEmiDetails_chrome.png [image/png 76190 bytes]


    Embedding getFirstMonthEmiDetails_chrome.png [image/png 106769 bytes]


  Car Loan EMI Details: 
  Monthly EMI Amount: 1,31,525
  Total Interest Amount: 78,303
  Total Principal Amount: 15,78,303
  First Month Interest Amount: ₹ 11,875
  First Month Principal Amount: ₹ 1,19,650

  Calculated Monthly EMI Amount: 131524
  Car Loan EMI Details Verified and Validated.

  &amp#27;[32mThen &amp#27;[0m&amp#27;[32mI verify and display the car emi details&amp#27;[0m                &amp#27;[90m# cucumber.stepDefinitions.CalculateCarLoanEmiSteps.I_verify_and_display_the_emi_details()&amp#27;[0m

    Embedding clickHomeLoanEmiCalculator_chrome.png [image/png 184199 bytes]

  &amp#27;[32mAnd &amp#27;[0m&amp#27;[32mthe user navigates to home_loan_calculator page&amp#27;[0m          &amp#27;[90m# cucumber.stepDefinitions.CalculateCarLoanEmiSteps.the_user_navigates_to_home_loan_calculator_page()&amp#27;[0m
]]></system-out>
  </testcase>
  <testcase name="Calculating car loan emi with various inputs #2" classname="Calculate Car Loan Emi" time="14.599">
    <system-out><![CDATA[
@smoke
Scenario Outline: Calculating car loan emi with various inputs &amp#27;[90m# src/test/resources/features/car_emi_calculator.feature:34&amp#27;[0m
  &amp#27;[32mGiven &amp#27;[0m&amp#27;[32mthe user is on the emi_calculator page using edge&amp#27;[0m      &amp#27;[90m# cucumber.stepDefinitions.CalculateCarLoanEmiSteps.the_user_is_on_the_emi_calculator_page_using_edge()&amp#27;[0m

    Embedding clickCarLoanTab_edge.png [image/png 163814 bytes]

  &amp#27;[32mWhen &amp#27;[0m&amp#27;[32mthe user clicks on the car_loan tab&amp#27;[0m                     &amp#27;[90m# cucumber.stepDefinitions.CalculateCarLoanEmiSteps.the_user_clicks_on_the_car_loan_tab()&amp#27;[0m

    Embedding setCarLoanAmount_edge.png [image/png 161683 bytes]

  &amp#27;[32mWhen &amp#27;[0m&amp#27;[32mthe user enters the car loan amount &amp#27;[0m&amp#27;[32m&amp#27;[1m1500000&amp#27;[0m             &amp#27;[90m# cucumber.stepDefinitions.CalculateCarLoanEmiSteps.the_user_enters_the_car_loan_amount(java.lang.Integer)&amp#27;[0m

    Embedding setCarLoanInterestRate_edge.png [image/png 101482 bytes]

  &amp#27;[32mWhen &amp#27;[0m&amp#27;[32mthe user enters the car loan interest &amp#27;[0m&amp#27;[32m&amp#27;[1m9.5&amp#27;[0m               &amp#27;[90m# cucumber.stepDefinitions.CalculateCarLoanEmiSteps.the_user_enters_the_loan_interest(java.lang.Float)&amp#27;[0m

    Embedding setCarLoanTenure_edge.png [image/png 93234 bytes]

  &amp#27;[32mWhen &amp#27;[0m&amp#27;[32mthe user enters the car loan tenure &amp#27;[0m&amp#27;[32m&amp#27;[1m1&amp#27;[0m&amp#27;[32m year&amp#27;[0m              &amp#27;[90m# cucumber.stepDefinitions.CalculateCarLoanEmiSteps.the_user_enters_the_loan_tenure_year(java.lang.Integer)&amp#27;[0m

    Embedding getEmiDetails_edge.png [image/png 69738 bytes]


    Embedding getFirstMonthEmiDetails_edge.png [image/png 100685 bytes]


  Car Loan EMI Details: 
  Monthly EMI Amount: 1,31,525
  Total Interest Amount: 78,303
  Total Principal Amount: 15,78,303
  First Month Interest Amount: ₹ 11,875
  First Month Principal Amount: ₹ 1,19,650

  Calculated Monthly EMI Amount: 131524
  Car Loan EMI Details Verified and Validated.

  &amp#27;[32mThen &amp#27;[0m&amp#27;[32mI verify and display the car emi details&amp#27;[0m                &amp#27;[90m# cucumber.stepDefinitions.CalculateCarLoanEmiSteps.I_verify_and_display_the_emi_details()&amp#27;[0m

    Embedding clickHomeLoanEmiCalculator_edge.png [image/png 169521 bytes]

  &amp#27;[32mAnd &amp#27;[0m&amp#27;[32mthe user navigates to home_loan_calculator page&amp#27;[0m          &amp#27;[90m# cucumber.stepDefinitions.CalculateCarLoanEmiSteps.the_user_navigates_to_home_loan_calculator_page()&amp#27;[0m
]]></system-out>
    <system-err><![CDATA[Jun 20, 2024 5:33:23 PM org.openqa.selenium.devtools.CdpVersionFinder findNearestMatch
WARNING: Unable to find an exact match for CDP version 126, returning the closest version; found: 125; Please update to a Selenium version that supports CDP version 126
]]></system-err>
  </testcase>
  <testcase name="Calculating detailed home loan information with various inputs #1" classname="Calculate Detailed Home Loan Information Annually" time="14.369">
    <system-out><![CDATA[
@regression1 @regression
Scenario Outline: Calculating detailed home loan information with various inputs     &amp#27;[90m# src/test/resources/features/home_loan_calculator.feature:33&amp#27;[0m
  &amp#27;[32mGiven &amp#27;[0m&amp#27;[32mthe user is on the home_loan_calculator page using chrome&amp#27;[0m                    &amp#27;[90m# cucumber.stepDefinitions.CalculateHomeLoanEmiSteps.the_user_is_on_the_home_loan_calculator_page_using_chrome()&amp#27;[0m

    Embedding setHomeValue_chrome.png [image/png 173097 bytes]

  &amp#27;[32mWhen &amp#27;[0m&amp#27;[32mthe user enters the home value &amp#27;[0m&amp#27;[32m&amp#27;[1m15000000&amp#27;[0m                                       &amp#27;[90m# cucumber.stepDefinitions.CalculateHomeLoanEmiSteps.the_user_enters_the_home_value(java.lang.Integer)&amp#27;[0m

    Embedding setDownPaymentPercentage_chrome.png [image/png 173058 bytes]

  &amp#27;[32mWhen &amp#27;[0m&amp#27;[32mthe user enters the down payment &amp#27;[0m&amp#27;[32m&amp#27;[1m0&amp#27;[0m                                            &amp#27;[90m# cucumber.stepDefinitions.CalculateHomeLoanEmiSteps.the_user_enters_the_down_payment(java.lang.Float)&amp#27;[0m

    Embedding setHomeLoanInterestRate_chrome.png [image/png 108017 bytes]

  &amp#27;[32mWhen &amp#27;[0m&amp#27;[32mthe user enters the home loan interest &amp#27;[0m&amp#27;[32m&amp#27;[1m9&amp#27;[0m                                      &amp#27;[90m# cucumber.stepDefinitions.CalculateHomeLoanEmiSteps.the_user_enters_the_interest_rate(java.lang.Float)&amp#27;[0m

    Embedding setHomeLoanTenure_chrome.png [image/png 107940 bytes]

  &amp#27;[32mWhen &amp#27;[0m&amp#27;[32mthe user enters the home loan tenure &amp#27;[0m&amp#27;[32m&amp#27;[1m20&amp#27;[0m&amp#27;[32m year&amp#27;[0m                                  &amp#27;[90m# cucumber.stepDefinitions.CalculateHomeLoanEmiSteps.the_user_enters_the_loan_tenure_year(java.lang.Integer)&amp#27;[0m
  Yearly payment details excel file created.

    Embedding getYearOnYearTableData_chrome.png [image/png 196088 bytes]

  &amp#27;[32mThen &amp#27;[0m&amp#27;[32mI verify and store the generated year_on_year loan details in an excel format&amp#27;[0m &amp#27;[90m# cucumber.stepDefinitions.CalculateHomeLoanEmiSteps.I_store_the_generated_year_on_year_loan_details_in_an_excel_format()&amp#27;[0m

    Embedding clickLoanCalculator_chrome.png [image/png 265002 bytes]

  &amp#27;[32mAnd &amp#27;[0m&amp#27;[32mthe user navigates to the loan_calculator page&amp#27;[0m                                 &amp#27;[90m# cucumber.stepDefinitions.CalculateHomeLoanEmiSteps.the_user_navigates_to_loan_calculator_page()&amp#27;[0m
]]></system-out>
    <system-err><![CDATA[ERROR StatusLogger Log4j2 could not find a logging implementation. Please add log4j-core to the classpath. Using SimpleLogger to log to the console...
]]></system-err>
  </testcase>
  <testcase name="Calculating detailed home loan information with various inputs #2" classname="Calculate Detailed Home Loan Information Annually" time="23.002">
    <system-out><![CDATA[
@regression1 @regression
Scenario Outline: Calculating detailed home loan information with various inputs     &amp#27;[90m# src/test/resources/features/home_loan_calculator.feature:34&amp#27;[0m
  &amp#27;[32mGiven &amp#27;[0m&amp#27;[32mthe user is on the home_loan_calculator page using edge&amp#27;[0m                      &amp#27;[90m# cucumber.stepDefinitions.CalculateHomeLoanEmiSteps.the_user_is_on_the_home_loan_calculator_page_using_edge()&amp#27;[0m

    Embedding setHomeValue_edge.png [image/png 166143 bytes]

  &amp#27;[32mWhen &amp#27;[0m&amp#27;[32mthe user enters the home value &amp#27;[0m&amp#27;[32m&amp#27;[1m7500000&amp#27;[0m                                        &amp#27;[90m# cucumber.stepDefinitions.CalculateHomeLoanEmiSteps.the_user_enters_the_home_value(java.lang.Integer)&amp#27;[0m

    Embedding setDownPaymentPercentage_edge.png [image/png 165452 bytes]

  &amp#27;[32mWhen &amp#27;[0m&amp#27;[32mthe user enters the down payment &amp#27;[0m&amp#27;[32m&amp#27;[1m0&amp#27;[0m                                            &amp#27;[90m# cucumber.stepDefinitions.CalculateHomeLoanEmiSteps.the_user_enters_the_down_payment(java.lang.Float)&amp#27;[0m

    Embedding setHomeLoanInterestRate_edge.png [image/png 101350 bytes]

  &amp#27;[32mWhen &amp#27;[0m&amp#27;[32mthe user enters the home loan interest &amp#27;[0m&amp#27;[32m&amp#27;[1m9.5&amp#27;[0m                                    &amp#27;[90m# cucumber.stepDefinitions.CalculateHomeLoanEmiSteps.the_user_enters_the_interest_rate(java.lang.Float)&amp#27;[0m

    Embedding setHomeLoanTenure_edge.png [image/png 101412 bytes]

  &amp#27;[32mWhen &amp#27;[0m&amp#27;[32mthe user enters the home loan tenure &amp#27;[0m&amp#27;[32m&amp#27;[1m20&amp#27;[0m&amp#27;[32m year&amp#27;[0m                                  &amp#27;[90m# cucumber.stepDefinitions.CalculateHomeLoanEmiSteps.the_user_enters_the_loan_tenure_year(java.lang.Integer)&amp#27;[0m
  Yearly payment details excel file created.

    Embedding getYearOnYearTableData_edge.png [image/png 183025 bytes]

  &amp#27;[32mThen &amp#27;[0m&amp#27;[32mI verify and store the generated year_on_year loan details in an excel format&amp#27;[0m &amp#27;[90m# cucumber.stepDefinitions.CalculateHomeLoanEmiSteps.I_store_the_generated_year_on_year_loan_details_in_an_excel_format()&amp#27;[0m

    Embedding clickLoanCalculator_edge.png [image/png 242914 bytes]

  &amp#27;[32mAnd &amp#27;[0m&amp#27;[32mthe user navigates to the loan_calculator page&amp#27;[0m                                 &amp#27;[90m# cucumber.stepDefinitions.CalculateHomeLoanEmiSteps.the_user_navigates_to_loan_calculator_page()&amp#27;[0m
]]></system-out>
    <system-err><![CDATA[Jun 20, 2024 5:33:51 PM org.openqa.selenium.devtools.CdpVersionFinder findNearestMatch
WARNING: Unable to find an exact match for CDP version 126, returning the closest version; found: 125; Please update to a Selenium version that supports CDP version 126
]]></system-err>
  </testcase>
  <testcase name="Performing UI tests on various loan tools #1" classname="Calculate Loan Information" time="41.739">
    <system-out><![CDATA[
@regression2 @regression
Scenario Outline: Performing UI tests on various loan tools                  &amp#27;[90m# src/test/resources/features/loan_calculator.feature:56&amp#27;[0m
  &amp#27;[32mGiven &amp#27;[0m&amp#27;[32mthe user is on the loan_calculator page using chrome&amp#27;[0m                 &amp#27;[90m# cucumber.stepDefinitions.PerformUITestsOnLoanCalculatorSteps.the_user_is_on_the_loan_calculator_page_using_chrome()&amp#27;[0m

    Embedding clickEmiCalculatorTab_chrome.png [image/png 216926 bytes]

  &amp#27;[32mAnd &amp#27;[0m&amp#27;[32mthe user clicks on the emi_calculator tab&amp#27;[0m                              &amp#27;[90m# cucumber.stepDefinitions.PerformUITestsOnLoanCalculatorSteps.the_user_clicks_on_the_emi_calculator_tab()&amp#27;[0m

    Embedding setLoanAmountOnInput_chrome.png [image/png 154152 bytes]

  &amp#27;[32mWhen &amp#27;[0m&amp#27;[32mthe user on emi_calculator tab enters the loan amount &amp#27;[0m&amp#27;[32m&amp#27;[1m7000000&amp#27;[0m         &amp#27;[90m# cucumber.stepDefinitions.PerformUITestsOnLoanCalculatorSteps.the_user_on_emi_calculator_tab_enters_the_loan_amount(java.lang.Integer)&amp#27;[0m

    Embedding setLoanInterestOnInput_chrome.png [image/png 142253 bytes]

  &amp#27;[32mWhen &amp#27;[0m&amp#27;[32mthe user on emi_calculator tab enters the loan interest &amp#27;[0m&amp#27;[32m&amp#27;[1m12.5&amp#27;[0m          &amp#27;[90m# cucumber.stepDefinitions.PerformUITestsOnLoanCalculatorSteps.the_user_on_emi_calculator_tab_enters_the_loan_interest(java.lang.Float)&amp#27;[0m

    Embedding setLoanTenureOnInput_chrome.png [image/png 107048 bytes]

  &amp#27;[32mWhen &amp#27;[0m&amp#27;[32mthe user on emi_calculator tab enters the loan tenure &amp#27;[0m&amp#27;[32m&amp#27;[1m10&amp#27;[0m&amp#27;[32m year&amp#27;[0m         &amp#27;[90m# cucumber.stepDefinitions.PerformUITestsOnLoanCalculatorSteps.the_user_on_emi_calculator_tab_enters_the_loan_tenure_year(java.lang.Integer)&amp#27;[0m

    Embedding setLoanFeesOnInput_chrome.png [image/png 94674 bytes]

  &amp#27;[32mWhen &amp#27;[0m&amp#27;[32mthe user on emi_calculator tab enters the loan fees &amp#27;[0m&amp#27;[32m&amp#27;[1m0&amp#27;[0m                 &amp#27;[90m# cucumber.stepDefinitions.PerformUITestsOnLoanCalculatorSteps.the_user_on_emi_calculator_tab_enters_the_loan_fees(java.lang.Integer)&amp#27;[0m
  &amp#27;[32mThen &amp#27;[0m&amp#27;[32mI verify the loan amount ui on emi_calculator tab&amp#27;[0m                     &amp#27;[90m# cucumber.stepDefinitions.PerformUITestsOnLoanCalculatorSteps.I_verify_the_loan_amount_ui_on_emi_calculator_tab()&amp#27;[0m
  &amp#27;[32mThen &amp#27;[0m&amp#27;[32mI verify the loan interest ui on emi_calculator tab&amp#27;[0m                   &amp#27;[90m# cucumber.stepDefinitions.PerformUITestsOnLoanCalculatorSteps.I_verify_the_loan_interest_ui_on_emi_calculator_tab()&amp#27;[0m
  &amp#27;[32mThen &amp#27;[0m&amp#27;[32mI verify the loan tenure year ui on emi_calculator tab&amp#27;[0m                &amp#27;[90m# cucumber.stepDefinitions.PerformUITestsOnLoanCalculatorSteps.I_verify_the_year_loan_tenure_ui_on_emi_calculator_tab()&amp#27;[0m
  &amp#27;[32mThen &amp#27;[0m&amp#27;[32mI verify the loan fees ui on emi_calculator tab&amp#27;[0m                       &amp#27;[90m# cucumber.stepDefinitions.PerformUITestsOnLoanCalculatorSteps.I_verify_the_loan_fees_ui_on_emi_calculator_tab()&amp#27;[0m

    Embedding clickLoanAmountCalculatorTab_chrome.png [image/png 214431 bytes]

  &amp#27;[32mGiven &amp#27;[0m&amp#27;[32mthe user clicks on the loan_amount_calculator tab&amp#27;[0m                    &amp#27;[90m# cucumber.stepDefinitions.PerformUITestsOnLoanCalculatorSteps.the_user_clicks_on_the_loan_amount_calculator_tab()&amp#27;[0m

    Embedding setEmiOnInput_chrome.png [image/png 147777 bytes]

  &amp#27;[32mWhen &amp#27;[0m&amp#27;[32mthe user on loan_amount_calculator tab enters the emi amount &amp#27;[0m&amp#27;[32m&amp#27;[1m90000&amp#27;[0m    &amp#27;[90m# cucumber.stepDefinitions.PerformUITestsOnLoanCalculatorSteps.the_user_on_loan_amount_calculator_tab_enters_the_emi_amount(java.lang.Integer)&amp#27;[0m

    Embedding setLoanInterestOnInput_chrome.png [image/png 131108 bytes]

  &amp#27;[32mWhen &amp#27;[0m&amp#27;[32mthe user on loan_amount_calculator tab enters the loan interest &amp#27;[0m&amp#27;[32m&amp#27;[1m12.5&amp#27;[0m  &amp#27;[90m# cucumber.stepDefinitions.PerformUITestsOnLoanCalculatorSteps.the_user_on_loan_amount_calculator_tab_enters_the_loan_interest(java.lang.Float)&amp#27;[0m

    Embedding setLoanTenureOnInput_chrome.png [image/png 102482 bytes]

  &amp#27;[32mWhen &amp#27;[0m&amp#27;[32mthe user on loan_amount_calculator tab enters the loan tenure &amp#27;[0m&amp#27;[32m&amp#27;[1m10&amp#27;[0m&amp#27;[32m year&amp#27;[0m &amp#27;[90m# cucumber.stepDefinitions.PerformUITestsOnLoanCalculatorSteps.the_user_on_loan_amount_calculator_tab_enters_the_loan_tenure_year(java.lang.Integer)&amp#27;[0m

    Embedding setLoanFeesOnInput_chrome.png [image/png 88511 bytes]

  &amp#27;[32mWhen &amp#27;[0m&amp#27;[32mthe user on loan_amount_calculator tab enters the loan fees &amp#27;[0m&amp#27;[32m&amp#27;[1m0&amp#27;[0m         &amp#27;[90m# cucumber.stepDefinitions.PerformUITestsOnLoanCalculatorSteps.the_user_on_loan_amount_calculator_tab_enters_the_loan_fees(java.lang.Integer)&amp#27;[0m
  &amp#27;[32mThen &amp#27;[0m&amp#27;[32mI verify the loan emi ui on loan_amount_calculator tab&amp#27;[0m                &amp#27;[90m# cucumber.stepDefinitions.PerformUITestsOnLoanCalculatorSteps.I_verify_the_loan_emi_ui_on_loan_amount_calculator_tab()&amp#27;[0m
  &amp#27;[32mThen &amp#27;[0m&amp#27;[32mI verify the loan interest ui on loan_amount_calculator tab&amp#27;[0m           &amp#27;[90m# cucumber.stepDefinitions.PerformUITestsOnLoanCalculatorSteps.I_verify_the_loan_interest_ui_on_loan_amount_calculator_tab()&amp#27;[0m
  &amp#27;[32mThen &amp#27;[0m&amp#27;[32mI verify the loan tenure year ui on loan_amount_calculator tab&amp#27;[0m        &amp#27;[90m# cucumber.stepDefinitions.PerformUITestsOnLoanCalculatorSteps.I_verify_the_year_loan_tenure_ui_on_loan_amount_calculator_tab()&amp#27;[0m
  &amp#27;[32mThen &amp#27;[0m&amp#27;[32mI verify the loan fees ui on loan_amount_calculator tab&amp#27;[0m               &amp#27;[90m# cucumber.stepDefinitions.PerformUITestsOnLoanCalculatorSteps.I_verify_the_loan_fees_ui_on_loan_amount_calculator_tab()&amp#27;[0m

    Embedding clickLoanTenureCalculatorTab_chrome.png [image/png 216681 bytes]

  &amp#27;[32mGiven &amp#27;[0m&amp#27;[32mthe user clicks on the loan_tenure_calculator tab&amp#27;[0m                    &amp#27;[90m# cucumber.stepDefinitions.PerformUITestsOnLoanCalculatorSteps.the_user_clicks_on_the_loan_tenure_calculator_tab()&amp#27;[0m

    Embedding setLoanAmountOnInput_chrome.png [image/png 152819 bytes]

  &amp#27;[32mWhen &amp#27;[0m&amp#27;[32mthe user on loan_tenure_calculator tab enters the loan amount &amp#27;[0m&amp#27;[32m&amp#27;[1m7000000&amp#27;[0m &amp#27;[90m# cucumber.stepDefinitions.PerformUITestsOnLoanCalculatorSteps.the_user_on_loan_tenure_calculator_tab_enters_the_loan_amount(java.lang.Integer)&amp#27;[0m

    Embedding setEmiOnInput_chrome.png [image/png 142892 bytes]

  &amp#27;[32mWhen &amp#27;[0m&amp#27;[32mthe user on loan_tenure_calculator tab enters the emi amount &amp#27;[0m&amp#27;[32m&amp#27;[1m90000&amp#27;[0m    &amp#27;[90m# cucumber.stepDefinitions.PerformUITestsOnLoanCalculatorSteps.the_user_on_loan_tenure_calculator_tab_enters_the_emi_amount(java.lang.Integer)&amp#27;[0m

    Embedding setLoanInterestOnInput_chrome.png [image/png 106439 bytes]

  &amp#27;[32mWhen &amp#27;[0m&amp#27;[32mthe user on loan_tenure_calculator tab enters the loan interest &amp#27;[0m&amp#27;[32m&amp#27;[1m12.5&amp#27;[0m  &amp#27;[90m# cucumber.stepDefinitions.PerformUITestsOnLoanCalculatorSteps.the_user_on_loan_tenure_calculator_tab_enters_the_loan_interest(java.lang.Float)&amp#27;[0m

    Embedding setLoanFeesOnInput_chrome.png [image/png 95270 bytes]

  &amp#27;[32mWhen &amp#27;[0m&amp#27;[32mthe user on loan_tenure_calculator tab enters the loan fees &amp#27;[0m&amp#27;[32m&amp#27;[1m0&amp#27;[0m         &amp#27;[90m# cucumber.stepDefinitions.PerformUITestsOnLoanCalculatorSteps.the_user_on_loan_tenure_calculator_tab_enters_the_loan_fees(java.lang.Integer)&amp#27;[0m
  &amp#27;[32mThen &amp#27;[0m&amp#27;[32mI verify the loan amount ui on loan_tenure_calculator tab&amp#27;[0m             &amp#27;[90m# cucumber.stepDefinitions.PerformUITestsOnLoanCalculatorSteps.I_verify_the_loan_amount_ui_on_loan_tenure_calculator_tab()&amp#27;[0m
  &amp#27;[32mThen &amp#27;[0m&amp#27;[32mI verify the loan emi ui on loan_tenure_calculator tab&amp#27;[0m                &amp#27;[90m# cucumber.stepDefinitions.PerformUITestsOnLoanCalculatorSteps.I_verify_the_loan_emi_ui_on_loan_tenure_calculator_tab()&amp#27;[0m
  &amp#27;[32mThen &amp#27;[0m&amp#27;[32mI verify the loan interest ui on loan_tenure_calculator tab&amp#27;[0m           &amp#27;[90m# cucumber.stepDefinitions.PerformUITestsOnLoanCalculatorSteps.I_verify_the_loan_interest_ui_on_loan_tenure_calculator_tab()&amp#27;[0m
  &amp#27;[32mThen &amp#27;[0m&amp#27;[32mI verify the loan fees ui on loan_tenure_calculator tab&amp#27;[0m               &amp#27;[90m# cucumber.stepDefinitions.PerformUITestsOnLoanCalculatorSteps.I_verify_the_loan_fees_ui_on_loan_tenure_calculator_tab()&amp#27;[0m
]]></system-out>
  </testcase>
  <testcase name="Performing UI tests on various loan tools #2" classname="Calculate Loan Information" time="64.438">
    <system-out><![CDATA[
@regression2 @regression
Scenario Outline: Performing UI tests on various loan tools                   &amp#27;[90m# src/test/resources/features/loan_calculator.feature:57&amp#27;[0m
  &amp#27;[32mGiven &amp#27;[0m&amp#27;[32mthe user is on the loan_calculator page using edge&amp#27;[0m                    &amp#27;[90m# cucumber.stepDefinitions.PerformUITestsOnLoanCalculatorSteps.the_user_is_on_the_loan_calculator_page_using_edge()&amp#27;[0m

    Embedding clickEmiCalculatorTab_edge.png [image/png 202984 bytes]

  &amp#27;[32mAnd &amp#27;[0m&amp#27;[32mthe user clicks on the emi_calculator tab&amp#27;[0m                               &amp#27;[90m# cucumber.stepDefinitions.PerformUITestsOnLoanCalculatorSteps.the_user_clicks_on_the_emi_calculator_tab()&amp#27;[0m

    Embedding setLoanAmountOnInput_edge.png [image/png 141471 bytes]

  &amp#27;[32mWhen &amp#27;[0m&amp#27;[32mthe user on emi_calculator tab enters the loan amount &amp#27;[0m&amp#27;[32m&amp#27;[1m5000000&amp#27;[0m          &amp#27;[90m# cucumber.stepDefinitions.PerformUITestsOnLoanCalculatorSteps.the_user_on_emi_calculator_tab_enters_the_loan_amount(java.lang.Integer)&amp#27;[0m

    Embedding setLoanInterestOnInput_edge.png [image/png 136833 bytes]

  &amp#27;[32mWhen &amp#27;[0m&amp#27;[32mthe user on emi_calculator tab enters the loan interest &amp#27;[0m&amp#27;[32m&amp#27;[1m13&amp#27;[0m             &amp#27;[90m# cucumber.stepDefinitions.PerformUITestsOnLoanCalculatorSteps.the_user_on_emi_calculator_tab_enters_the_loan_interest(java.lang.Float)&amp#27;[0m

    Embedding setLoanTenureOnInput_edge.png [image/png 141323 bytes]

  &amp#27;[32mWhen &amp#27;[0m&amp#27;[32mthe user on emi_calculator tab enters the loan tenure &amp#27;[0m&amp#27;[32m&amp#27;[1m60&amp#27;[0m&amp#27;[32m month&amp#27;[0m         &amp#27;[90m# cucumber.stepDefinitions.PerformUITestsOnLoanCalculatorSteps.the_user_on_emi_calculator_tab_enters_the_loan_tenure_month(java.lang.Integer)&amp#27;[0m

    Embedding setLoanFeesOnInput_edge.png [image/png 198537 bytes]

  &amp#27;[32mWhen &amp#27;[0m&amp#27;[32mthe user on emi_calculator tab enters the loan fees &amp#27;[0m&amp#27;[32m&amp#27;[1m0&amp#27;[0m                  &amp#27;[90m# cucumber.stepDefinitions.PerformUITestsOnLoanCalculatorSteps.the_user_on_emi_calculator_tab_enters_the_loan_fees(java.lang.Integer)&amp#27;[0m
  &amp#27;[32mThen &amp#27;[0m&amp#27;[32mI verify the loan amount ui on emi_calculator tab&amp#27;[0m                      &amp#27;[90m# cucumber.stepDefinitions.PerformUITestsOnLoanCalculatorSteps.I_verify_the_loan_amount_ui_on_emi_calculator_tab()&amp#27;[0m
  &amp#27;[32mThen &amp#27;[0m&amp#27;[32mI verify the loan interest ui on emi_calculator tab&amp#27;[0m                    &amp#27;[90m# cucumber.stepDefinitions.PerformUITestsOnLoanCalculatorSteps.I_verify_the_loan_interest_ui_on_emi_calculator_tab()&amp#27;[0m
  &amp#27;[32mThen &amp#27;[0m&amp#27;[32mI verify the loan tenure month ui on emi_calculator tab&amp#27;[0m                &amp#27;[90m# cucumber.stepDefinitions.PerformUITestsOnLoanCalculatorSteps.I_verify_the_month_loan_tenure_ui_on_emi_calculator_tab()&amp#27;[0m
  &amp#27;[32mThen &amp#27;[0m&amp#27;[32mI verify the loan fees ui on emi_calculator tab&amp#27;[0m                        &amp#27;[90m# cucumber.stepDefinitions.PerformUITestsOnLoanCalculatorSteps.I_verify_the_loan_fees_ui_on_emi_calculator_tab()&amp#27;[0m

    Embedding clickLoanAmountCalculatorTab_edge.png [image/png 200446 bytes]

  &amp#27;[32mGiven &amp#27;[0m&amp#27;[32mthe user clicks on the loan_amount_calculator tab&amp#27;[0m                     &amp#27;[90m# cucumber.stepDefinitions.PerformUITestsOnLoanCalculatorSteps.the_user_clicks_on_the_loan_amount_calculator_tab()&amp#27;[0m

    Embedding setEmiOnInput_edge.png [image/png 139983 bytes]

  &amp#27;[32mWhen &amp#27;[0m&amp#27;[32mthe user on loan_amount_calculator tab enters the emi amount &amp#27;[0m&amp#27;[32m&amp#27;[1m60000&amp#27;[0m     &amp#27;[90m# cucumber.stepDefinitions.PerformUITestsOnLoanCalculatorSteps.the_user_on_loan_amount_calculator_tab_enters_the_emi_amount(java.lang.Integer)&amp#27;[0m

    Embedding setLoanInterestOnInput_edge.png [image/png 124776 bytes]

  &amp#27;[32mWhen &amp#27;[0m&amp#27;[32mthe user on loan_amount_calculator tab enters the loan interest &amp#27;[0m&amp#27;[32m&amp#27;[1m13&amp#27;[0m     &amp#27;[90m# cucumber.stepDefinitions.PerformUITestsOnLoanCalculatorSteps.the_user_on_loan_amount_calculator_tab_enters_the_loan_interest(java.lang.Float)&amp#27;[0m

    Embedding setLoanTenureOnInput_edge.png [image/png 151389 bytes]

  &amp#27;[32mWhen &amp#27;[0m&amp#27;[32mthe user on loan_amount_calculator tab enters the loan tenure &amp#27;[0m&amp#27;[32m&amp#27;[1m60&amp#27;[0m&amp#27;[32m month&amp#27;[0m &amp#27;[90m# cucumber.stepDefinitions.PerformUITestsOnLoanCalculatorSteps.the_user_on_loan_amount_calculator_tab_enters_the_loan_tenure_month(java.lang.Integer)&amp#27;[0m

    Embedding setLoanFeesOnInput_edge.png [image/png 202661 bytes]

  &amp#27;[32mWhen &amp#27;[0m&amp#27;[32mthe user on loan_amount_calculator tab enters the loan fees &amp#27;[0m&amp#27;[32m&amp#27;[1m0&amp#27;[0m          &amp#27;[90m# cucumber.stepDefinitions.PerformUITestsOnLoanCalculatorSteps.the_user_on_loan_amount_calculator_tab_enters_the_loan_fees(java.lang.Integer)&amp#27;[0m
  &amp#27;[32mThen &amp#27;[0m&amp#27;[32mI verify the loan emi ui on loan_amount_calculator tab&amp#27;[0m                 &amp#27;[90m# cucumber.stepDefinitions.PerformUITestsOnLoanCalculatorSteps.I_verify_the_loan_emi_ui_on_loan_amount_calculator_tab()&amp#27;[0m
  &amp#27;[32mThen &amp#27;[0m&amp#27;[32mI verify the loan interest ui on loan_amount_calculator tab&amp#27;[0m            &amp#27;[90m# cucumber.stepDefinitions.PerformUITestsOnLoanCalculatorSteps.I_verify_the_loan_interest_ui_on_loan_amount_calculator_tab()&amp#27;[0m
  &amp#27;[32mThen &amp#27;[0m&amp#27;[32mI verify the loan tenure month ui on loan_amount_calculator tab&amp#27;[0m        &amp#27;[90m# cucumber.stepDefinitions.PerformUITestsOnLoanCalculatorSteps.I_verify_the_month_loan_tenure_ui_on_loan_amount_calculator_tab()&amp#27;[0m
  &amp#27;[32mThen &amp#27;[0m&amp#27;[32mI verify the loan fees ui on loan_amount_calculator tab&amp#27;[0m                &amp#27;[90m# cucumber.stepDefinitions.PerformUITestsOnLoanCalculatorSteps.I_verify_the_loan_fees_ui_on_loan_amount_calculator_tab()&amp#27;[0m

    Embedding clickLoanTenureCalculatorTab_edge.png [image/png 202646 bytes]

  &amp#27;[32mGiven &amp#27;[0m&amp#27;[32mthe user clicks on the loan_tenure_calculator tab&amp#27;[0m                     &amp#27;[90m# cucumber.stepDefinitions.PerformUITestsOnLoanCalculatorSteps.the_user_clicks_on_the_loan_tenure_calculator_tab()&amp#27;[0m

    Embedding setLoanAmountOnInput_edge.png [image/png 139450 bytes]

  &amp#27;[32mWhen &amp#27;[0m&amp#27;[32mthe user on loan_tenure_calculator tab enters the loan amount &amp#27;[0m&amp#27;[32m&amp#27;[1m5000000&amp#27;[0m  &amp#27;[90m# cucumber.stepDefinitions.PerformUITestsOnLoanCalculatorSteps.the_user_on_loan_tenure_calculator_tab_enters_the_loan_amount(java.lang.Integer)&amp#27;[0m

    Embedding setEmiOnInput_edge.png [image/png 137054 bytes]

  &amp#27;[32mWhen &amp#27;[0m&amp#27;[32mthe user on loan_tenure_calculator tab enters the emi amount &amp#27;[0m&amp#27;[32m&amp#27;[1m60000&amp#27;[0m     &amp#27;[90m# cucumber.stepDefinitions.PerformUITestsOnLoanCalculatorSteps.the_user_on_loan_tenure_calculator_tab_enters_the_emi_amount(java.lang.Integer)&amp#27;[0m

    Embedding setLoanInterestOnInput_edge.png [image/png 140477 bytes]

  &amp#27;[32mWhen &amp#27;[0m&amp#27;[32mthe user on loan_tenure_calculator tab enters the loan interest &amp#27;[0m&amp#27;[32m&amp#27;[1m13&amp#27;[0m     &amp#27;[90m# cucumber.stepDefinitions.PerformUITestsOnLoanCalculatorSteps.the_user_on_loan_tenure_calculator_tab_enters_the_loan_interest(java.lang.Float)&amp#27;[0m

    Embedding setLoanFeesOnInput_edge.png [image/png 198234 bytes]

  &amp#27;[32mWhen &amp#27;[0m&amp#27;[32mthe user on loan_tenure_calculator tab enters the loan fees &amp#27;[0m&amp#27;[32m&amp#27;[1m0&amp#27;[0m          &amp#27;[90m# cucumber.stepDefinitions.PerformUITestsOnLoanCalculatorSteps.the_user_on_loan_tenure_calculator_tab_enters_the_loan_fees(java.lang.Integer)&amp#27;[0m
  &amp#27;[32mThen &amp#27;[0m&amp#27;[32mI verify the loan amount ui on loan_tenure_calculator tab&amp#27;[0m              &amp#27;[90m# cucumber.stepDefinitions.PerformUITestsOnLoanCalculatorSteps.I_verify_the_loan_amount_ui_on_loan_tenure_calculator_tab()&amp#27;[0m
  &amp#27;[32mThen &amp#27;[0m&amp#27;[32mI verify the loan emi ui on loan_tenure_calculator tab&amp#27;[0m                 &amp#27;[90m# cucumber.stepDefinitions.PerformUITestsOnLoanCalculatorSteps.I_verify_the_loan_emi_ui_on_loan_tenure_calculator_tab()&amp#27;[0m
  &amp#27;[32mThen &amp#27;[0m&amp#27;[32mI verify the loan interest ui on loan_tenure_calculator tab&amp#27;[0m            &amp#27;[90m# cucumber.stepDefinitions.PerformUITestsOnLoanCalculatorSteps.I_verify_the_loan_interest_ui_on_loan_tenure_calculator_tab()&amp#27;[0m
  &amp#27;[32mThen &amp#27;[0m&amp#27;[32mI verify the loan fees ui on loan_tenure_calculator tab&amp#27;[0m                &amp#27;[90m# cucumber.stepDefinitions.PerformUITestsOnLoanCalculatorSteps.I_verify_the_loan_fees_ui_on_loan_tenure_calculator_tab()&amp#27;[0m
]]></system-out>
    <system-err><![CDATA[Jun 20, 2024 5:34:56 PM org.openqa.selenium.devtools.CdpVersionFinder findNearestMatch
WARNING: Unable to find an exact match for CDP version 126, returning the closest version; found: 125; Please update to a Selenium version that supports CDP version 126
]]></system-err>
  </testcase>
</testsuite>