<?xml version="1.0" encoding="UTF-8"?>
<testsuite xmlns:xsi="http://www.w3.org/2001/XMLSchema-instance" xsi:noNamespaceSchemaLocation="https://maven.apache.org/surefire/maven-surefire-plugin/xsd/surefire-test-report-3.0.xsd" version="3.0" name="cucumber.runners.TestRunner" time="85.289" tests="5" errors="2" skipped="0" failures="0">
  <properties>
[...]
</properties>
  <testcase name="Calculating car loan emi with various inputs #1" classname="Calculate Car Loan Emi" time="6.942">
    <system-out><![CDATA[
@smoke
Scenario Outline: Calculating car loan emi with various inputs &amp#27;[90m# src/test/resources/features/car_emi_calculator.feature:33&amp#27;[0m
  &amp#27;[32mGiven &amp#27;[0m&amp#27;[32mthe user is on the emi_calculator page using chrome&amp#27;[0m    &amp#27;[90m# cucumber.stepDefinitions.CalculateCarLoanEmiSteps.the_user_is_on_the_emi_calculator_page_using_chrome()&amp#27;[0m
  &amp#27;[32mWhen &amp#27;[0m&amp#27;[32mthe user clicks on the car_loan tab&amp#27;[0m                     &amp#27;[90m# cucumber.stepDefinitions.CalculateCarLoanEmiSteps.the_user_clicks_on_the_car_loan_tab()&amp#27;[0m

    Embedding clickCarLoanTab_chrome.png [image/png 243776 bytes]

  &amp#27;[32mWhen &amp#27;[0m&amp#27;[32mthe user enters the car loan amount &amp#27;[0m&amp#27;[32m&amp#27;[1m1500000&amp#27;[0m             &amp#27;[90m# cucumber.stepDefinitions.CalculateCarLoanEmiSteps.the_user_enters_the_car_loan_amount(java.lang.Integer)&amp#27;[0m

    Embedding setCarLoanAmount_chrome.png [image/png 244239 bytes]

  &amp#27;[32mWhen &amp#27;[0m&amp#27;[32mthe user enters the car loan interest &amp#27;[0m&amp#27;[32m&amp#27;[1m9.5&amp#27;[0m               &amp#27;[90m# cucumber.stepDefinitions.CalculateCarLoanEmiSteps.the_user_enters_the_loan_interest(java.lang.Float)&amp#27;[0m

    Embedding setCarLoanInterestRate_chrome.png [image/png 232700 bytes]

  &amp#27;[32mWhen &amp#27;[0m&amp#27;[32mthe user enters the car loan tenure &amp#27;[0m&amp#27;[32m&amp#27;[1m1&amp#27;[0m&amp#27;[32m year&amp#27;[0m              &amp#27;[90m# cucumber.stepDefinitions.CalculateCarLoanEmiSteps.the_user_enters_the_loan_tenure_year(java.lang.Integer)&amp#27;[0m

    Embedding setCarLoanTenure_chrome.png [image/png 168543 bytes]


  Car Loan EMI Details: 
  Monthly EMI Amount: 1,31,525
  Total Interest Amount: 78,303
  Total Principal Amount: 15,78,303
  First Month Interest Amount: 11875
  First Month Principal Amount: 119650

  Calculated Monthly EMI Amount: 131524
  Car Loan EMI Details Verified and Validated.

  &amp#27;[32mThen &amp#27;[0m&amp#27;[32mI verify and display the car emi details&amp#27;[0m                &amp#27;[90m# cucumber.stepDefinitions.CalculateCarLoanEmiSteps.I_verify_and_display_the_emi_details()&amp#27;[0m

    Embedding getEmiDetails_chrome.png [image/png 182504 bytes]

  &amp#27;[32mAnd &amp#27;[0m&amp#27;[32mthe user navigates to home_loan_calculator page&amp#27;[0m          &amp#27;[90m# cucumber.stepDefinitions.CalculateCarLoanEmiSteps.the_user_navigates_to_home_loan_calculator_page()&amp#27;[0m

    Embedding clickHomeLoanEmiCalculator_chrome.png [image/png 278042 bytes]

]]></system-out>
  </testcase>
  <testcase name="Calculating car loan emi with various inputs #2" classname="Calculate Car Loan Emi" time="7.291">
    <system-out><![CDATA[
@smoke
Scenario Outline: Calculating car loan emi with various inputs &amp#27;[90m# src/test/resources/features/car_emi_calculator.feature:34&amp#27;[0m
  &amp#27;[32mGiven &amp#27;[0m&amp#27;[32mthe user is on the emi_calculator page using edge&amp#27;[0m      &amp#27;[90m# cucumber.stepDefinitions.CalculateCarLoanEmiSteps.the_user_is_on_the_emi_calculator_page_using_edge()&amp#27;[0m
  &amp#27;[32mWhen &amp#27;[0m&amp#27;[32mthe user clicks on the car_loan tab&amp#27;[0m                     &amp#27;[90m# cucumber.stepDefinitions.CalculateCarLoanEmiSteps.the_user_clicks_on_the_car_loan_tab()&amp#27;[0m

    Embedding clickCarLoanTab_edge.png [image/png 264027 bytes]

  &amp#27;[32mWhen &amp#27;[0m&amp#27;[32mthe user enters the car loan amount &amp#27;[0m&amp#27;[32m&amp#27;[1m1500000&amp#27;[0m             &amp#27;[90m# cucumber.stepDefinitions.CalculateCarLoanEmiSteps.the_user_enters_the_car_loan_amount(java.lang.Integer)&amp#27;[0m

    Embedding setCarLoanAmount_edge.png [image/png 214934 bytes]

  &amp#27;[32mWhen &amp#27;[0m&amp#27;[32mthe user enters the car loan interest &amp#27;[0m&amp#27;[32m&amp#27;[1m9.5&amp#27;[0m               &amp#27;[90m# cucumber.stepDefinitions.CalculateCarLoanEmiSteps.the_user_enters_the_loan_interest(java.lang.Float)&amp#27;[0m

    Embedding setCarLoanInterestRate_edge.png [image/png 147060 bytes]

  &amp#27;[32mWhen &amp#27;[0m&amp#27;[32mthe user enters the car loan tenure &amp#27;[0m&amp#27;[32m&amp#27;[1m1&amp#27;[0m&amp#27;[32m year&amp#27;[0m              &amp#27;[90m# cucumber.stepDefinitions.CalculateCarLoanEmiSteps.the_user_enters_the_loan_tenure_year(java.lang.Integer)&amp#27;[0m

    Embedding setCarLoanTenure_edge.png [image/png 140573 bytes]


  Car Loan EMI Details: 
  Monthly EMI Amount: 1,31,525
  Total Interest Amount: 78,303
  Total Principal Amount: 15,78,303
  First Month Interest Amount: 11875
  First Month Principal Amount: 119650

  Calculated Monthly EMI Amount: 131524
  Car Loan EMI Details Verified and Validated.

  &amp#27;[32mThen &amp#27;[0m&amp#27;[32mI verify and display the car emi details&amp#27;[0m                &amp#27;[90m# cucumber.stepDefinitions.CalculateCarLoanEmiSteps.I_verify_and_display_the_emi_details()&amp#27;[0m

    Embedding getEmiDetails_edge.png [image/png 245444 bytes]

  &amp#27;[32mAnd &amp#27;[0m&amp#27;[32mthe user navigates to home_loan_calculator page&amp#27;[0m          &amp#27;[90m# cucumber.stepDefinitions.CalculateCarLoanEmiSteps.the_user_navigates_to_home_loan_calculator_page()&amp#27;[0m

    Embedding clickHomeLoanEmiCalculator_edge.png [image/png 419039 bytes]

]]></system-out>
    <system-err><![CDATA[Jun 18, 2024 11:32:15 AM org.openqa.selenium.devtools.CdpVersionFinder findNearestMatch
WARNING: Unable to find an exact match for CDP version 126, returning the closest version; found: 125; Please update to a Selenium version that supports CDP version 126
]]></system-err>
  </testcase>
  <testcase name="Calculating detailed home loan information with various inputs #1" classname="Calculate Detailed Home Loan Information Annually" time="6.389">
    <error message="stale element reference: stale element not found&#10;  (Session info: chrome=125.0.6422.176)&#10;For documentation on this error, please visit: https://www.selenium.dev/documentation/webdriver/troubleshooting/errors#stale-element-reference-exception&#10;Build info: version: &apos;4.21.0&apos;, revision: &apos;79ed462ef4&apos;&#10;System info: os.name: &apos;Windows 10&apos;, os.arch: &apos;amd64&apos;, os.version: &apos;10.0&apos;, java.version: &apos;13.0.2&apos;&#10;Driver info: org.openqa.selenium.chrome.ChromeDriver&#10;Command: [215f00a9ce7c17af19ec58c425347856, clickElement {id=f.7A5BAF7EEEE99873EA3D6386870864D9.d.3959596EB9C6CEE19AEE7F03DCFF4BC6.e.66}]&#10;Capabilities {acceptInsecureCerts: false, browserName: chrome, browserVersion: 125.0.6422.176, chrome: {chromedriverVersion: 125.0.6422.141 (4b1e8393712..., userDataDir: C:\Users\shakt\AppData\Loca...}, fedcm:accounts: true, goog:chromeOptions: {debuggerAddress: localhost:56998}, networkConnectionEnabled: false, pageLoadStrategy: none, platformName: windows, proxy: Proxy(), se:cdp: ws://localhost:56998/devtoo..., se:cdpVersion: 125.0.6422.176, setWindowRect: true, strictFileInteractability: false, timeouts: {implicit: 0, pageLoad: 300000, script: 30000}, unhandledPromptBehavior: dismiss and notify, webauthn:extension:credBlob: true, webauthn:extension:largeBlob: true, webauthn:extension:minPinLength: true, webauthn:extension:prf: true, webauthn:virtualAuthenticators: true}&#10;Element: [[ChromeDriver: chrome on windows (215f00a9ce7c17af19ec58c425347856)] -&gt; xpath: //div[@class=&apos;btn-group btn-group-toggle&apos;]//label[text()=&apos;Yr &apos;]]&#10;Session ID: 215f00a9ce7c17af19ec58c425347856" type="org.openqa.selenium.StaleElementReferenceException"><![CDATA[org.openqa.selenium.StaleElementReferenceException: 
stale element reference: stale element not found
  (Session info: chrome=125.0.6422.176)
For documentation on this error, please visit: https://www.selenium.dev/documentation/webdriver/troubleshooting/errors#stale-element-reference-exception
Build info: version: '4.21.0', revision: '79ed462ef4'
System info: os.name: 'Windows 10', os.arch: 'amd64', os.version: '10.0', java.version: '13.0.2'
Driver info: org.openqa.selenium.chrome.ChromeDriver
Command: [215f00a9ce7c17af19ec58c425347856, clickElement {id=f.7A5BAF7EEEE99873EA3D6386870864D9.d.3959596EB9C6CEE19AEE7F03DCFF4BC6.e.66}]
Capabilities {acceptInsecureCerts: false, browserName: chrome, browserVersion: 125.0.6422.176, chrome: {chromedriverVersion: 125.0.6422.141 (4b1e8393712..., userDataDir: C:\Users\shakt\AppData\Loca...}, fedcm:accounts: true, goog:chromeOptions: {debuggerAddress: localhost:56998}, networkConnectionEnabled: false, pageLoadStrategy: none, platformName: windows, proxy: Proxy(), se:cdp: ws://localhost:56998/devtoo..., se:cdpVersion: 125.0.6422.176, setWindowRect: true, strictFileInteractability: false, timeouts: {implicit: 0, pageLoad: 300000, script: 30000}, unhandledPromptBehavior: dismiss and notify, webauthn:extension:credBlob: true, webauthn:extension:largeBlob: true, webauthn:extension:minPinLength: true, webauthn:extension:prf: true, webauthn:virtualAuthenticators: true}
Element: [[ChromeDriver: chrome on windows (215f00a9ce7c17af19ec58c425347856)] -> xpath: //div[@class='btn-group btn-group-toggle']//label[text()='Yr ']]
Session ID: 215f00a9ce7c17af19ec58c425347856
	at java.base/jdk.internal.reflect.NativeConstructorAccessorImpl.newInstance0(Native Method)
	at java.base/jdk.internal.reflect.NativeConstructorAccessorImpl.newInstance(NativeConstructorAccessorImpl.java:62)
	at java.base/jdk.internal.reflect.DelegatingConstructorAccessorImpl.newInstance(DelegatingConstructorAccessorImpl.java:45)
	at java.base/java.lang.reflect.Constructor.newInstanceWithCaller(Constructor.java:500)
	at java.base/java.lang.reflect.Constructor.newInstance(Constructor.java:481)
	at org.openqa.selenium.remote.ErrorCodec.decode(ErrorCodec.java:167)
	at org.openqa.selenium.remote.codec.w3c.W3CHttpResponseCodec.decode(W3CHttpResponseCodec.java:138)
	at org.openqa.selenium.remote.codec.w3c.W3CHttpResponseCodec.decode(W3CHttpResponseCodec.java:50)
	at org.openqa.selenium.remote.HttpCommandExecutor.execute(HttpCommandExecutor.java:190)
	at org.openqa.selenium.remote.service.DriverCommandExecutor.invokeExecute(DriverCommandExecutor.java:216)
	at org.openqa.selenium.remote.service.DriverCommandExecutor.execute(DriverCommandExecutor.java:174)
	at org.openqa.selenium.remote.RemoteWebDriver.execute(RemoteWebDriver.java:518)
	at org.openqa.selenium.remote.RemoteWebElement.execute(RemoteWebElement.java:223)
	at org.openqa.selenium.remote.RemoteWebElement.click(RemoteWebElement.java:76)
	at java.base/jdk.internal.reflect.NativeMethodAccessorImpl.invoke0(Native Method)
	at java.base/jdk.internal.reflect.NativeMethodAccessorImpl.invoke(NativeMethodAccessorImpl.java:62)
	at java.base/jdk.internal.reflect.DelegatingMethodAccessorImpl.invoke(DelegatingMethodAccessorImpl.java:43)
	at java.base/java.lang.reflect.Method.invoke(Method.java:567)
	at org.openqa.selenium.support.pagefactory.internal.LocatingElementHandler.invoke(LocatingElementHandler.java:51)
	at com.sun.proxy.$Proxy28.click(Unknown Source)
	at pageObjects.HomeLoanEmiCalculatorPage.setLoanTenure(HomeLoanEmiCalculatorPage.java:117)
	at cucumber.stepDefinitions.CalculateHomeLoanEmiSteps.the_user_enters_the_loan_tenure_year(CalculateHomeLoanEmiSteps.java:63)
	at ✽.the user enters the home loan tenure 20 year(file:///C:/Users/shakt/eclipse-workspace/FindingInterestHackathon/src/test/resources/features/home_loan_calculator.feature:27)
]]></error>
    <system-out><![CDATA[
@regression1 @regression
Scenario Outline: Calculating detailed home loan information with various inputs     &amp#27;[90m# src/test/resources/features/home_loan_calculator.feature:33&amp#27;[0m
  &amp#27;[32mGiven &amp#27;[0m&amp#27;[32mthe user is on the home_loan_calculator page using chrome&amp#27;[0m                    &amp#27;[90m# cucumber.stepDefinitions.CalculateHomeLoanEmiSteps.the_user_is_on_the_home_loan_calculator_page_using_chrome()&amp#27;[0m
  &amp#27;[32mWhen &amp#27;[0m&amp#27;[32mthe user enters the home value &amp#27;[0m&amp#27;[32m&amp#27;[1m15000000&amp#27;[0m                                       &amp#27;[90m# cucumber.stepDefinitions.CalculateHomeLoanEmiSteps.the_user_enters_the_home_value(java.lang.Integer)&amp#27;[0m

    Embedding setHomeValue_chrome.png [image/png 375043 bytes]

  &amp#27;[32mWhen &amp#27;[0m&amp#27;[32mthe user enters the down payment &amp#27;[0m&amp#27;[32m&amp#27;[1m0&amp#27;[0m                                            &amp#27;[90m# cucumber.stepDefinitions.CalculateHomeLoanEmiSteps.the_user_enters_the_down_payment(java.lang.Float)&amp#27;[0m

    Embedding setDownPaymentPercentage_chrome.png [image/png 204689 bytes]

  &amp#27;[32mWhen &amp#27;[0m&amp#27;[32mthe user enters the home loan interest &amp#27;[0m&amp#27;[32m&amp#27;[1m9&amp#27;[0m                                      &amp#27;[90m# cucumber.stepDefinitions.CalculateHomeLoanEmiSteps.the_user_enters_the_interest_rate(java.lang.Float)&amp#27;[0m

    Embedding setHomeLoanInterestRate_chrome.png [image/png 164990 bytes]

  &amp#27;[31mWhen &amp#27;[0m&amp#27;[31mthe user enters the home loan tenure &amp#27;[0m&amp#27;[31m&amp#27;[1m20&amp#27;[0m&amp#27;[31m year&amp#27;[0m                                  &amp#27;[90m# cucumber.stepDefinitions.CalculateHomeLoanEmiSteps.the_user_enters_the_loan_tenure_year(java.lang.Integer)&amp#27;[0m
      &amp#27;[31morg.openqa.selenium.StaleElementReferenceException: stale element reference: stale element not found
  (Session info: chrome=125.0.6422.176)
For documentation on this error, please visit: https://www.selenium.dev/documentation/webdriver/troubleshooting/errors#stale-element-reference-exception
Build info: version: '4.21.0', revision: '79ed462ef4'
System info: os.name: 'Windows 10', os.arch: 'amd64', os.version: '10.0', java.version: '13.0.2'
Driver info: org.openqa.selenium.chrome.ChromeDriver
Command: [215f00a9ce7c17af19ec58c425347856, clickElement {id=f.7A5BAF7EEEE99873EA3D6386870864D9.d.3959596EB9C6CEE19AEE7F03DCFF4BC6.e.66}]
Capabilities {acceptInsecureCerts: false, browserName: chrome, browserVersion: 125.0.6422.176, chrome: {chromedriverVersion: 125.0.6422.141 (4b1e8393712..., userDataDir: C:\Users\shakt\AppData\Loca...}, fedcm:accounts: true, goog:chromeOptions: {debuggerAddress: localhost:56998}, networkConnectionEnabled: false, pageLoadStrategy: none, platformName: windows, proxy: Proxy(), se:cdp: ws://localhost:56998/devtoo..., se:cdpVersion: 125.0.6422.176, setWindowRect: true, strictFileInteractability: false, timeouts: {implicit: 0, pageLoad: 300000, script: 30000}, unhandledPromptBehavior: dismiss and notify, webauthn:extension:credBlob: true, webauthn:extension:largeBlob: true, webauthn:extension:minPinLength: true, webauthn:extension:prf: true, webauthn:virtualAuthenticators: true}
Element: [[ChromeDriver: chrome on windows (215f00a9ce7c17af19ec58c425347856)] -> xpath: //div[@class='btn-group btn-group-toggle']//label[text()='Yr ']]
Session ID: 215f00a9ce7c17af19ec58c425347856
	at java.base/jdk.internal.reflect.NativeConstructorAccessorImpl.newInstance0(Native Method)
	at java.base/jdk.internal.reflect.NativeConstructorAccessorImpl.newInstance(NativeConstructorAccessorImpl.java:62)
	at java.base/jdk.internal.reflect.DelegatingConstructorAccessorImpl.newInstance(DelegatingConstructorAccessorImpl.java:45)
	at java.base/java.lang.reflect.Constructor.newInstanceWithCaller(Constructor.java:500)
	at java.base/java.lang.reflect.Constructor.newInstance(Constructor.java:481)
	at org.openqa.selenium.remote.ErrorCodec.decode(ErrorCodec.java:167)
	at org.openqa.selenium.remote.codec.w3c.W3CHttpResponseCodec.decode(W3CHttpResponseCodec.java:138)
	at org.openqa.selenium.remote.codec.w3c.W3CHttpResponseCodec.decode(W3CHttpResponseCodec.java:50)
	at org.openqa.selenium.remote.HttpCommandExecutor.execute(HttpCommandExecutor.java:190)
	at org.openqa.selenium.remote.service.DriverCommandExecutor.invokeExecute(DriverCommandExecutor.java:216)
	at org.openqa.selenium.remote.service.DriverCommandExecutor.execute(DriverCommandExecutor.java:174)
	at org.openqa.selenium.remote.RemoteWebDriver.execute(RemoteWebDriver.java:518)
	at org.openqa.selenium.remote.RemoteWebElement.execute(RemoteWebElement.java:223)
	at org.openqa.selenium.remote.RemoteWebElement.click(RemoteWebElement.java:76)
	at java.base/jdk.internal.reflect.NativeMethodAccessorImpl.invoke0(Native Method)
	at java.base/jdk.internal.reflect.NativeMethodAccessorImpl.invoke(NativeMethodAccessorImpl.java:62)
	at java.base/jdk.internal.reflect.DelegatingMethodAccessorImpl.invoke(DelegatingMethodAccessorImpl.java:43)
	at java.base/java.lang.reflect.Method.invoke(Method.java:567)
	at org.openqa.selenium.support.pagefactory.internal.LocatingElementHandler.invoke(LocatingElementHandler.java:51)
	at com.sun.proxy.$Proxy28.click(Unknown Source)
	at pageObjects.HomeLoanEmiCalculatorPage.setLoanTenure(HomeLoanEmiCalculatorPage.java:117)
	at cucumber.stepDefinitions.CalculateHomeLoanEmiSteps.the_user_enters_the_loan_tenure_year(CalculateHomeLoanEmiSteps.java:63)
	at âœ½.the user enters the home loan tenure 20 year(file:///C:/Users/shakt/eclipse-workspace/FindingInterestHackathon/src/test/resources/features/home_loan_calculator.feature:27)
&amp#27;[0m
  &amp#27;[36mThen &amp#27;[0m&amp#27;[36mI verify and store the generated year_on_year loan details in an excel format&amp#27;[0m &amp#27;[90m# cucumber.stepDefinitions.CalculateHomeLoanEmiSteps.I_store_the_generated_year_on_year_loan_details_in_an_excel_format()&amp#27;[0m
  &amp#27;[36mAnd &amp#27;[0m&amp#27;[36mthe user navigates to the loan_calculator page&amp#27;[0m                                 &amp#27;[90m# cucumber.stepDefinitions.CalculateHomeLoanEmiSteps.the_user_navigates_to_loan_calculator_page()&amp#27;[0m
]]></system-out>
  </testcase>
  <testcase name="Calculating detailed home loan information with various inputs #2" classname="Calculate Detailed Home Loan Information Annually" time="9.972">
    <error message="element click intercepted: Element &lt;button class=&quot;navbar-toggler&quot; type=&quot;button&quot; data-toggle=&quot;collapse&quot; data-target=&quot;#navbarNavDropdown&quot; aria-controls=&quot;navbarNavDropdown&quot; aria-expanded=&quot;false&quot; aria-label=&quot;Toggle navigation&quot;&gt;...&lt;/button&gt; is not clickable at point (816, 15). Other element would receive the click: &lt;iframe id=&quot;aswift_6&quot; name=&quot;aswift_6&quot; browsingtopics=&quot;true&quot; style=&quot;width: 100vw !important; height: 100vh !important; inset: 0px auto auto 0px !important; position: absolute !important; clear: none !important; display: inline !important; float: none !important; margin: 0px !important; max-height: none !important; max-width: none !important; opacity: 1 !important; overflow: visible !important; padding: 0px !important; vertical-align: baseline !important; visibility: visible !important; z-index: auto !important;&quot; sandbox=&quot;allow-forms allow-popups allow-popups-to-escape-sandbox allow-same-origin allow-scripts allow-top-navigation-by-user-activation&quot; width=&quot;&quot; height=&quot;&quot; frameborder=&quot;0&quot; marginwidth=&quot;0&quot; marginheight=&quot;0&quot; vspace=&quot;0&quot; hspace=&quot;0&quot; allowtransparency=&quot;true&quot; scrolling=&quot;no&quot; allow=&quot;attribution-reporting&quot; src=&quot;https://googleads.g.doubleclick.net/pagead/html/r20240612/r20110914/zrt_lookup_fy2021.html#RS-0-&amp;amp;adk=1812271808&amp;amp;client=ca-pub-6020664305604651&amp;amp;fa=8&amp;amp;ifi=7&amp;amp;uci=a!7&quot; data-google-container-id=&quot;a!7&quot; tabindex=&quot;0&quot; title=&quot;Advertisement&quot; aria-label=&quot;Advertisement&quot; data-google-query-id=&quot;CP6z6Z295IYDFbWVrAIdobIJfA&quot; data-load-complete=&quot;true&quot;&gt;&lt;/iframe&gt;&#10;  (Session info: MicrosoftEdge=126.0.2592.56)&#10;Build info: version: &apos;4.21.0&apos;, revision: &apos;79ed462ef4&apos;&#10;System info: os.name: &apos;Windows 10&apos;, os.arch: &apos;amd64&apos;, os.version: &apos;10.0&apos;, java.version: &apos;13.0.2&apos;&#10;Driver info: org.openqa.selenium.edge.EdgeDriver&#10;Command: [8876b7a7410950e20eac3179ed5a2021, clickElement {id=f.FA116DA1E65D1B1626C6CC6B41B23A14.d.F7F62989ECEF0A6D66F3EE6FFB159D0F.e.396}]&#10;Capabilities {acceptInsecureCerts: false, browserName: MicrosoftEdge, browserVersion: 126.0.2592.56, fedcm:accounts: true, ms:edgeOptions: {debuggerAddress: localhost:57072}, msedge: {msedgedriverVersion: 126.0.2592.56 (894481ed5673..., userDataDir: C:\Users\shakt\AppData\Loca...}, networkConnectionEnabled: false, pageLoadStrategy: none, platformName: windows, proxy: Proxy(), se:cdp: ws://localhost:57072/devtoo..., se:cdpVersion: 126.0.2592.56, setWindowRect: true, strictFileInteractability: false, timeouts: {implicit: 0, pageLoad: 300000, script: 30000}, unhandledPromptBehavior: dismiss and notify, webauthn:extension:credBlob: true, webauthn:extension:largeBlob: true, webauthn:extension:minPinLength: true, webauthn:extension:prf: true, webauthn:virtualAuthenticators: true}&#10;Element: [[EdgeDriver: MicrosoftEdge on windows (8876b7a7410950e20eac3179ed5a2021)] -&gt; xpath: //button[@class=&apos;navbar-toggler&apos;]]&#10;Session ID: 8876b7a7410950e20eac3179ed5a2021" type="org.openqa.selenium.ElementClickInterceptedException"><![CDATA[org.openqa.selenium.ElementClickInterceptedException: 
element click intercepted: Element <button class="navbar-toggler" type="button" data-toggle="collapse" data-target="#navbarNavDropdown" aria-controls="navbarNavDropdown" aria-expanded="false" aria-label="Toggle navigation">...</button> is not clickable at point (816, 15). Other element would receive the click: <iframe id="aswift_6" name="aswift_6" browsingtopics="true" style="width: 100vw !important; height: 100vh !important; inset: 0px auto auto 0px !important; position: absolute !important; clear: none !important; display: inline !important; float: none !important; margin: 0px !important; max-height: none !important; max-width: none !important; opacity: 1 !important; overflow: visible !important; padding: 0px !important; vertical-align: baseline !important; visibility: visible !important; z-index: auto !important;" sandbox="allow-forms allow-popups allow-popups-to-escape-sandbox allow-same-origin allow-scripts allow-top-navigation-by-user-activation" width="" height="" frameborder="0" marginwidth="0" marginheight="0" vspace="0" hspace="0" allowtransparency="true" scrolling="no" allow="attribution-reporting" src="https://googleads.g.doubleclick.net/pagead/html/r20240612/r20110914/zrt_lookup_fy2021.html#RS-0-&amp;adk=1812271808&amp;client=ca-pub-6020664305604651&amp;fa=8&amp;ifi=7&amp;uci=a!7" data-google-container-id="a!7" tabindex="0" title="Advertisement" aria-label="Advertisement" data-google-query-id="CP6z6Z295IYDFbWVrAIdobIJfA" data-load-complete="true"></iframe>
  (Session info: MicrosoftEdge=126.0.2592.56)
Build info: version: '4.21.0', revision: '79ed462ef4'
System info: os.name: 'Windows 10', os.arch: 'amd64', os.version: '10.0', java.version: '13.0.2'
Driver info: org.openqa.selenium.edge.EdgeDriver
Command: [8876b7a7410950e20eac3179ed5a2021, clickElement {id=f.FA116DA1E65D1B1626C6CC6B41B23A14.d.F7F62989ECEF0A6D66F3EE6FFB159D0F.e.396}]
Capabilities {acceptInsecureCerts: false, browserName: MicrosoftEdge, browserVersion: 126.0.2592.56, fedcm:accounts: true, ms:edgeOptions: {debuggerAddress: localhost:57072}, msedge: {msedgedriverVersion: 126.0.2592.56 (894481ed5673..., userDataDir: C:\Users\shakt\AppData\Loca...}, networkConnectionEnabled: false, pageLoadStrategy: none, platformName: windows, proxy: Proxy(), se:cdp: ws://localhost:57072/devtoo..., se:cdpVersion: 126.0.2592.56, setWindowRect: true, strictFileInteractability: false, timeouts: {implicit: 0, pageLoad: 300000, script: 30000}, unhandledPromptBehavior: dismiss and notify, webauthn:extension:credBlob: true, webauthn:extension:largeBlob: true, webauthn:extension:minPinLength: true, webauthn:extension:prf: true, webauthn:virtualAuthenticators: true}
Element: [[EdgeDriver: MicrosoftEdge on windows (8876b7a7410950e20eac3179ed5a2021)] -> xpath: //button[@class='navbar-toggler']]
Session ID: 8876b7a7410950e20eac3179ed5a2021
	at java.base/jdk.internal.reflect.NativeConstructorAccessorImpl.newInstance0(Native Method)
	at java.base/jdk.internal.reflect.NativeConstructorAccessorImpl.newInstance(NativeConstructorAccessorImpl.java:62)
	at java.base/jdk.internal.reflect.DelegatingConstructorAccessorImpl.newInstance(DelegatingConstructorAccessorImpl.java:45)
	at java.base/java.lang.reflect.Constructor.newInstanceWithCaller(Constructor.java:500)
	at java.base/java.lang.reflect.Constructor.newInstance(Constructor.java:481)
	at org.openqa.selenium.remote.ErrorCodec.decode(ErrorCodec.java:167)
	at org.openqa.selenium.remote.codec.w3c.W3CHttpResponseCodec.decode(W3CHttpResponseCodec.java:138)
	at org.openqa.selenium.remote.codec.w3c.W3CHttpResponseCodec.decode(W3CHttpResponseCodec.java:50)
	at org.openqa.selenium.remote.HttpCommandExecutor.execute(HttpCommandExecutor.java:190)
	at org.openqa.selenium.remote.service.DriverCommandExecutor.invokeExecute(DriverCommandExecutor.java:216)
	at org.openqa.selenium.remote.service.DriverCommandExecutor.execute(DriverCommandExecutor.java:174)
	at org.openqa.selenium.remote.RemoteWebDriver.execute(RemoteWebDriver.java:518)
	at org.openqa.selenium.remote.RemoteWebElement.execute(RemoteWebElement.java:223)
	at org.openqa.selenium.remote.RemoteWebElement.click(RemoteWebElement.java:76)
	at java.base/jdk.internal.reflect.NativeMethodAccessorImpl.invoke0(Native Method)
	at java.base/jdk.internal.reflect.NativeMethodAccessorImpl.invoke(NativeMethodAccessorImpl.java:62)
	at java.base/jdk.internal.reflect.DelegatingMethodAccessorImpl.invoke(DelegatingMethodAccessorImpl.java:43)
	at java.base/java.lang.reflect.Method.invoke(Method.java:567)
	at org.openqa.selenium.support.pagefactory.internal.LocatingElementHandler.invoke(LocatingElementHandler.java:51)
	at com.sun.proxy.$Proxy28.click(Unknown Source)
	at pageObjects.HomeLoanEmiCalculatorPage.clickLoanCalculatorMenuItem(HomeLoanEmiCalculatorPage.java:164)
	at cucumber.stepDefinitions.CalculateHomeLoanEmiSteps.the_user_navigates_to_loan_calculator_page(CalculateHomeLoanEmiSteps.java:86)
	at ✽.the user navigates to the loan_calculator page(file:///C:/Users/shakt/eclipse-workspace/FindingInterestHackathon/src/test/resources/features/home_loan_calculator.feature:29)
]]></error>
    <system-out><![CDATA[
@regression1 @regression
Scenario Outline: Calculating detailed home loan information with various inputs     &amp#27;[90m# src/test/resources/features/home_loan_calculator.feature:34&amp#27;[0m
  &amp#27;[32mGiven &amp#27;[0m&amp#27;[32mthe user is on the home_loan_calculator page using edge&amp#27;[0m                      &amp#27;[90m# cucumber.stepDefinitions.CalculateHomeLoanEmiSteps.the_user_is_on_the_home_loan_calculator_page_using_edge()&amp#27;[0m
  &amp#27;[32mWhen &amp#27;[0m&amp#27;[32mthe user enters the home value &amp#27;[0m&amp#27;[32m&amp#27;[1m7500000&amp#27;[0m                                        &amp#27;[90m# cucumber.stepDefinitions.CalculateHomeLoanEmiSteps.the_user_enters_the_home_value(java.lang.Integer)&amp#27;[0m

    Embedding setHomeValue_edge.png [image/png 135563 bytes]

  &amp#27;[32mWhen &amp#27;[0m&amp#27;[32mthe user enters the down payment &amp#27;[0m&amp#27;[32m&amp#27;[1m0&amp#27;[0m                                            &amp#27;[90m# cucumber.stepDefinitions.CalculateHomeLoanEmiSteps.the_user_enters_the_down_payment(java.lang.Float)&amp#27;[0m

    Embedding setDownPaymentPercentage_edge.png [image/png 135278 bytes]

  &amp#27;[32mWhen &amp#27;[0m&amp#27;[32mthe user enters the home loan interest &amp#27;[0m&amp#27;[32m&amp#27;[1m9.5&amp#27;[0m                                    &amp#27;[90m# cucumber.stepDefinitions.CalculateHomeLoanEmiSteps.the_user_enters_the_interest_rate(java.lang.Float)&amp#27;[0m

    Embedding setHomeLoanInterestRate_edge.png [image/png 79374 bytes]

  &amp#27;[32mWhen &amp#27;[0m&amp#27;[32mthe user enters the home loan tenure &amp#27;[0m&amp#27;[32m&amp#27;[1m20&amp#27;[0m&amp#27;[32m year&amp#27;[0m                                  &amp#27;[90m# cucumber.stepDefinitions.CalculateHomeLoanEmiSteps.the_user_enters_the_loan_tenure_year(java.lang.Integer)&amp#27;[0m

    Embedding setHomeLoanTenure_edge.png [image/png 81630 bytes]

  &amp#27;[32mThen &amp#27;[0m&amp#27;[32mI verify and store the generated year_on_year loan details in an excel format&amp#27;[0m &amp#27;[90m# cucumber.stepDefinitions.CalculateHomeLoanEmiSteps.I_store_the_generated_year_on_year_loan_details_in_an_excel_format()&amp#27;[0m

    Embedding getYearOnYearTableData_edge.png [image/png 220125 bytes]

  &amp#27;[31mAnd &amp#27;[0m&amp#27;[31mthe user navigates to the loan_calculator page&amp#27;[0m                                 &amp#27;[90m# cucumber.stepDefinitions.CalculateHomeLoanEmiSteps.the_user_navigates_to_loan_calculator_page()&amp#27;[0m
      &amp#27;[31morg.openqa.selenium.ElementClickInterceptedException: element click intercepted: Element <button class="navbar-toggler" type="button" data-toggle="collapse" data-target="#navbarNavDropdown" aria-controls="navbarNavDropdown" aria-expanded="false" aria-label="Toggle navigation">...</button> is not clickable at point (816, 15). Other element would receive the click: <iframe id="aswift_6" name="aswift_6" browsingtopics="true" style="width: 100vw !important; height: 100vh !important; inset: 0px auto auto 0px !important; position: absolute !important; clear: none !important; display: inline !important; float: none !important; margin: 0px !important; max-height: none !important; max-width: none !important; opacity: 1 !important; overflow: visible !important; padding: 0px !important; vertical-align: baseline !important; visibility: visible !important; z-index: auto !important;" sandbox="allow-forms allow-popups allow-popups-to-escape-sandbox allow-same-origin allow-scripts allow-top-navigation-by-user-activation" width="" height="" frameborder="0" marginwidth="0" marginheight="0" vspace="0" hspace="0" allowtransparency="true" scrolling="no" allow="attribution-reporting" src="https://googleads.g.doubleclick.net/pagead/html/r20240612/r20110914/zrt_lookup_fy2021.html#RS-0-&amp;adk=1812271808&amp;client=ca-pub-6020664305604651&amp;fa=8&amp;ifi=7&amp;uci=a!7" data-google-container-id="a!7" tabindex="0" title="Advertisement" aria-label="Advertisement" data-google-query-id="CP6z6Z295IYDFbWVrAIdobIJfA" data-load-complete="true"></iframe>
  (Session info: MicrosoftEdge=126.0.2592.56)
Build info: version: '4.21.0', revision: '79ed462ef4'
System info: os.name: 'Windows 10', os.arch: 'amd64', os.version: '10.0', java.version: '13.0.2'
Driver info: org.openqa.selenium.edge.EdgeDriver
Command: [8876b7a7410950e20eac3179ed5a2021, clickElement {id=f.FA116DA1E65D1B1626C6CC6B41B23A14.d.F7F62989ECEF0A6D66F3EE6FFB159D0F.e.396}]
Capabilities {acceptInsecureCerts: false, browserName: MicrosoftEdge, browserVersion: 126.0.2592.56, fedcm:accounts: true, ms:edgeOptions: {debuggerAddress: localhost:57072}, msedge: {msedgedriverVersion: 126.0.2592.56 (894481ed5673..., userDataDir: C:\Users\shakt\AppData\Loca...}, networkConnectionEnabled: false, pageLoadStrategy: none, platformName: windows, proxy: Proxy(), se:cdp: ws://localhost:57072/devtoo..., se:cdpVersion: 126.0.2592.56, setWindowRect: true, strictFileInteractability: false, timeouts: {implicit: 0, pageLoad: 300000, script: 30000}, unhandledPromptBehavior: dismiss and notify, webauthn:extension:credBlob: true, webauthn:extension:largeBlob: true, webauthn:extension:minPinLength: true, webauthn:extension:prf: true, webauthn:virtualAuthenticators: true}
Element: [[EdgeDriver: MicrosoftEdge on windows (8876b7a7410950e20eac3179ed5a2021)] -> xpath: //button[@class='navbar-toggler']]
Session ID: 8876b7a7410950e20eac3179ed5a2021
	at java.base/jdk.internal.reflect.NativeConstructorAccessorImpl.newInstance0(Native Method)
	at java.base/jdk.internal.reflect.NativeConstructorAccessorImpl.newInstance(NativeConstructorAccessorImpl.java:62)
	at java.base/jdk.internal.reflect.DelegatingConstructorAccessorImpl.newInstance(DelegatingConstructorAccessorImpl.java:45)
	at java.base/java.lang.reflect.Constructor.newInstanceWithCaller(Constructor.java:500)
	at java.base/java.lang.reflect.Constructor.newInstance(Constructor.java:481)
	at org.openqa.selenium.remote.ErrorCodec.decode(ErrorCodec.java:167)
	at org.openqa.selenium.remote.codec.w3c.W3CHttpResponseCodec.decode(W3CHttpResponseCodec.java:138)
	at org.openqa.selenium.remote.codec.w3c.W3CHttpResponseCodec.decode(W3CHttpResponseCodec.java:50)
	at org.openqa.selenium.remote.HttpCommandExecutor.execute(HttpCommandExecutor.java:190)
	at org.openqa.selenium.remote.service.DriverCommandExecutor.invokeExecute(DriverCommandExecutor.java:216)
	at org.openqa.selenium.remote.service.DriverCommandExecutor.execute(DriverCommandExecutor.java:174)
	at org.openqa.selenium.remote.RemoteWebDriver.execute(RemoteWebDriver.java:518)
	at org.openqa.selenium.remote.RemoteWebElement.execute(RemoteWebElement.java:223)
	at org.openqa.selenium.remote.RemoteWebElement.click(RemoteWebElement.java:76)
	at java.base/jdk.internal.reflect.NativeMethodAccessorImpl.invoke0(Native Method)
	at java.base/jdk.internal.reflect.NativeMethodAccessorImpl.invoke(NativeMethodAccessorImpl.java:62)
	at java.base/jdk.internal.reflect.DelegatingMethodAccessorImpl.invoke(DelegatingMethodAccessorImpl.java:43)
	at java.base/java.lang.reflect.Method.invoke(Method.java:567)
	at org.openqa.selenium.support.pagefactory.internal.LocatingElementHandler.invoke(LocatingElementHandler.java:51)
	at com.sun.proxy.$Proxy28.click(Unknown Source)
	at pageObjects.HomeLoanEmiCalculatorPage.clickLoanCalculatorMenuItem(HomeLoanEmiCalculatorPage.java:164)
	at cucumber.stepDefinitions.CalculateHomeLoanEmiSteps.the_user_navigates_to_loan_calculator_page(CalculateHomeLoanEmiSteps.java:86)
	at âœ½.the user navigates to the loan_calculator page(file:///C:/Users/shakt/eclipse-workspace/FindingInterestHackathon/src/test/resources/features/home_loan_calculator.feature:29)
&amp#27;[0m
]]></system-out>
    <system-err><![CDATA[Jun 18, 2024 11:32:29 AM org.openqa.selenium.devtools.CdpVersionFinder findNearestMatch
WARNING: Unable to find an exact match for CDP version 126, returning the closest version; found: 125; Please update to a Selenium version that supports CDP version 126
]]></system-err>
  </testcase>
  <testcase name="Performing UI tests on various loan tools" classname="Calculate Loan Information" time="15.761">
    <system-out><![CDATA[
@regression2 @regression
Scenario Outline: Performing UI tests on various loan tools                  &amp#27;[90m# src/test/resources/features/loan_calculator.feature:56&amp#27;[0m
  &amp#27;[32mGiven &amp#27;[0m&amp#27;[32mthe user is on the loan_calculator page using chrome&amp#27;[0m                 &amp#27;[90m# cucumber.stepDefinitions.PerformUITestsOnLoanCalculatorSteps.the_user_is_on_the_loan_calculator_page_using_chrome()&amp#27;[0m
  &amp#27;[32mAnd &amp#27;[0m&amp#27;[32mthe user clicks on the emi_calculator tab&amp#27;[0m                              &amp#27;[90m# cucumber.stepDefinitions.PerformUITestsOnLoanCalculatorSteps.the_user_clicks_on_the_emi_calculator_tab()&amp#27;[0m

    Embedding clickEmiCalculatorTab_chrome.png [image/png 380926 bytes]

  &amp#27;[32mWhen &amp#27;[0m&amp#27;[32mthe user on emi_calculator tab enters the loan amount &amp#27;[0m&amp#27;[32m&amp#27;[1m7000000&amp#27;[0m         &amp#27;[90m# cucumber.stepDefinitions.PerformUITestsOnLoanCalculatorSteps.the_user_on_emi_calculator_tab_enters_the_loan_amount(java.lang.Integer)&amp#27;[0m

    Embedding setLoanAmountOnInput_chrome.png [image/png 380416 bytes]

  &amp#27;[32mWhen &amp#27;[0m&amp#27;[32mthe user on emi_calculator tab enters the loan interest &amp#27;[0m&amp#27;[32m&amp#27;[1m12.5&amp#27;[0m          &amp#27;[90m# cucumber.stepDefinitions.PerformUITestsOnLoanCalculatorSteps.the_user_on_emi_calculator_tab_enters_the_loan_interest(java.lang.Float)&amp#27;[0m

    Embedding setLoanInterestOnInput_chrome.png [image/png 313075 bytes]

  &amp#27;[32mWhen &amp#27;[0m&amp#27;[32mthe user on emi_calculator tab enters the loan tenure &amp#27;[0m&amp#27;[32m&amp#27;[1m10&amp#27;[0m&amp#27;[32m year&amp#27;[0m         &amp#27;[90m# cucumber.stepDefinitions.PerformUITestsOnLoanCalculatorSteps.the_user_on_emi_calculator_tab_enters_the_loan_tenure_year(java.lang.Integer)&amp#27;[0m

    Embedding setLoanTenureOnInput_chrome.png [image/png 322746 bytes]

  &amp#27;[32mWhen &amp#27;[0m&amp#27;[32mthe user on emi_calculator tab enters the loan fees &amp#27;[0m&amp#27;[32m&amp#27;[1m0&amp#27;[0m                 &amp#27;[90m# cucumber.stepDefinitions.PerformUITestsOnLoanCalculatorSteps.the_user_on_emi_calculator_tab_enters_the_loan_fees(java.lang.Integer)&amp#27;[0m

    Embedding setLoanFeesOnInput_chrome.png [image/png 366778 bytes]

  &amp#27;[32mThen &amp#27;[0m&amp#27;[32mI verify the loan amount ui on emi_calculator tab&amp#27;[0m                     &amp#27;[90m# cucumber.stepDefinitions.PerformUITestsOnLoanCalculatorSteps.I_verify_the_loan_amount_ui_on_emi_calculator_tab()&amp#27;[0m
  &amp#27;[32mThen &amp#27;[0m&amp#27;[32mI verify the loan interest ui on emi_calculator tab&amp#27;[0m                   &amp#27;[90m# cucumber.stepDefinitions.PerformUITestsOnLoanCalculatorSteps.I_verify_the_loan_interest_ui_on_emi_calculator_tab()&amp#27;[0m
  &amp#27;[32mThen &amp#27;[0m&amp#27;[32mI verify the loan tenure year ui on emi_calculator tab&amp#27;[0m                &amp#27;[90m# cucumber.stepDefinitions.PerformUITestsOnLoanCalculatorSteps.I_verify_the_year_loan_tenure_ui_on_emi_calculator_tab()&amp#27;[0m
  &amp#27;[32mThen &amp#27;[0m&amp#27;[32mI verify the loan fees ui on emi_calculator tab&amp#27;[0m                       &amp#27;[90m# cucumber.stepDefinitions.PerformUITestsOnLoanCalculatorSteps.I_verify_the_loan_fees_ui_on_emi_calculator_tab()&amp#27;[0m
  &amp#27;[32mGiven &amp#27;[0m&amp#27;[32mthe user clicks on the loan_amount_calculator tab&amp#27;[0m                    &amp#27;[90m# cucumber.stepDefinitions.PerformUITestsOnLoanCalculatorSteps.the_user_clicks_on_the_loan_amount_calculator_tab()&amp#27;[0m

    Embedding clickLoanAmountCalculatorTab_chrome.png [image/png 379670 bytes]

  &amp#27;[32mWhen &amp#27;[0m&amp#27;[32mthe user on loan_amount_calculator tab enters the emi amount &amp#27;[0m&amp#27;[32m&amp#27;[1m90000&amp#27;[0m    &amp#27;[90m# cucumber.stepDefinitions.PerformUITestsOnLoanCalculatorSteps.the_user_on_loan_amount_calculator_tab_enters_the_emi_amount(java.lang.Integer)&amp#27;[0m

    Embedding setEmiOnInput_chrome.png [image/png 376895 bytes]

  &amp#27;[32mWhen &amp#27;[0m&amp#27;[32mthe user on loan_amount_calculator tab enters the loan interest &amp#27;[0m&amp#27;[32m&amp#27;[1m12.5&amp#27;[0m  &amp#27;[90m# cucumber.stepDefinitions.PerformUITestsOnLoanCalculatorSteps.the_user_on_loan_amount_calculator_tab_enters_the_loan_interest(java.lang.Float)&amp#27;[0m

    Embedding setLoanInterestOnInput_chrome.png [image/png 303825 bytes]

  &amp#27;[32mWhen &amp#27;[0m&amp#27;[32mthe user on loan_amount_calculator tab enters the loan tenure &amp#27;[0m&amp#27;[32m&amp#27;[1m10&amp#27;[0m&amp#27;[32m year&amp#27;[0m &amp#27;[90m# cucumber.stepDefinitions.PerformUITestsOnLoanCalculatorSteps.the_user_on_loan_amount_calculator_tab_enters_the_loan_tenure_year(java.lang.Integer)&amp#27;[0m

    Embedding setLoanTenureOnInput_chrome.png [image/png 322200 bytes]

  &amp#27;[32mWhen &amp#27;[0m&amp#27;[32mthe user on loan_amount_calculator tab enters the loan fees &amp#27;[0m&amp#27;[32m&amp#27;[1m0&amp#27;[0m         &amp#27;[90m# cucumber.stepDefinitions.PerformUITestsOnLoanCalculatorSteps.the_user_on_loan_amount_calculator_tab_enters_the_loan_fees(java.lang.Integer)&amp#27;[0m

    Embedding setLoanFeesOnInput_chrome.png [image/png 378500 bytes]

  &amp#27;[32mThen &amp#27;[0m&amp#27;[32mI verify the loan emi ui on loan_amount_calculator tab&amp#27;[0m                &amp#27;[90m# cucumber.stepDefinitions.PerformUITestsOnLoanCalculatorSteps.I_verify_the_loan_emi_ui_on_loan_amount_calculator_tab()&amp#27;[0m
  &amp#27;[32mThen &amp#27;[0m&amp#27;[32mI verify the loan interest ui on loan_amount_calculator tab&amp#27;[0m           &amp#27;[90m# cucumber.stepDefinitions.PerformUITestsOnLoanCalculatorSteps.I_verify_the_loan_interest_ui_on_loan_amount_calculator_tab()&amp#27;[0m
  &amp#27;[32mThen &amp#27;[0m&amp#27;[32mI verify the loan tenure year ui on loan_amount_calculator tab&amp#27;[0m        &amp#27;[90m# cucumber.stepDefinitions.PerformUITestsOnLoanCalculatorSteps.I_verify_the_year_loan_tenure_ui_on_loan_amount_calculator_tab()&amp#27;[0m
  &amp#27;[32mThen &amp#27;[0m&amp#27;[32mI verify the loan fees ui on loan_amount_calculator tab&amp#27;[0m               &amp#27;[90m# cucumber.stepDefinitions.PerformUITestsOnLoanCalculatorSteps.I_verify_the_loan_fees_ui_on_loan_amount_calculator_tab()&amp#27;[0m
  &amp#27;[32mGiven &amp#27;[0m&amp#27;[32mthe user clicks on the loan_tenure_calculator tab&amp#27;[0m                    &amp#27;[90m# cucumber.stepDefinitions.PerformUITestsOnLoanCalculatorSteps.the_user_clicks_on_the_loan_tenure_calculator_tab()&amp#27;[0m

    Embedding clickLoanTenureCalculatorTab_chrome.png [image/png 382482 bytes]

  &amp#27;[32mWhen &amp#27;[0m&amp#27;[32mthe user on loan_tenure_calculator tab enters the loan amount &amp#27;[0m&amp#27;[32m&amp#27;[1m7000000&amp#27;[0m &amp#27;[90m# cucumber.stepDefinitions.PerformUITestsOnLoanCalculatorSteps.the_user_on_loan_tenure_calculator_tab_enters_the_loan_amount(java.lang.Integer)&amp#27;[0m

    Embedding setLoanAmountOnInput_chrome.png [image/png 378878 bytes]

  &amp#27;[32mWhen &amp#27;[0m&amp#27;[32mthe user on loan_tenure_calculator tab enters the emi amount &amp#27;[0m&amp#27;[32m&amp#27;[1m90000&amp#27;[0m    &amp#27;[90m# cucumber.stepDefinitions.PerformUITestsOnLoanCalculatorSteps.the_user_on_loan_tenure_calculator_tab_enters_the_emi_amount(java.lang.Integer)&amp#27;[0m

    Embedding setEmiOnInput_chrome.png [image/png 310455 bytes]

  &amp#27;[32mWhen &amp#27;[0m&amp#27;[32mthe user on loan_tenure_calculator tab enters the loan interest &amp#27;[0m&amp#27;[32m&amp#27;[1m12.5&amp#27;[0m  &amp#27;[90m# cucumber.stepDefinitions.PerformUITestsOnLoanCalculatorSteps.the_user_on_loan_tenure_calculator_tab_enters_the_loan_interest(java.lang.Float)&amp#27;[0m

    Embedding setLoanInterestOnInput_chrome.png [image/png 320011 bytes]

  &amp#27;[32mWhen &amp#27;[0m&amp#27;[32mthe user on loan_tenure_calculator tab enters the loan fees &amp#27;[0m&amp#27;[32m&amp#27;[1m0&amp#27;[0m         &amp#27;[90m# cucumber.stepDefinitions.PerformUITestsOnLoanCalculatorSteps.the_user_on_loan_tenure_calculator_tab_enters_the_loan_fees(java.lang.Integer)&amp#27;[0m

    Embedding setLoanFeesOnInput_chrome.png [image/png 364401 bytes]

  &amp#27;[32mThen &amp#27;[0m&amp#27;[32mI verify the loan amount ui on loan_tenure_calculator tab&amp#27;[0m             &amp#27;[90m# cucumber.stepDefinitions.PerformUITestsOnLoanCalculatorSteps.I_verify_the_loan_amount_ui_on_loan_tenure_calculator_tab()&amp#27;[0m
  &amp#27;[32mThen &amp#27;[0m&amp#27;[32mI verify the loan emi ui on loan_tenure_calculator tab&amp#27;[0m                &amp#27;[90m# cucumber.stepDefinitions.PerformUITestsOnLoanCalculatorSteps.I_verify_the_loan_emi_ui_on_loan_tenure_calculator_tab()&amp#27;[0m
  &amp#27;[32mThen &amp#27;[0m&amp#27;[32mI verify the loan interest ui on loan_tenure_calculator tab&amp#27;[0m           &amp#27;[90m# cucumber.stepDefinitions.PerformUITestsOnLoanCalculatorSteps.I_verify_the_loan_interest_ui_on_loan_tenure_calculator_tab()&amp#27;[0m
  &amp#27;[32mThen &amp#27;[0m&amp#27;[32mI verify the loan fees ui on loan_tenure_calculator tab&amp#27;[0m               &amp#27;[90m# cucumber.stepDefinitions.PerformUITestsOnLoanCalculatorSteps.I_verify_the_loan_fees_ui_on_loan_tenure_calculator_tab()&amp#27;[0m
]]></system-out>
  </testcase>
</testsuite>