<?xml version="1.0" encoding="UTF-8"?>
<!-- Generated by org.testng.reporters.JUnitXMLReporter -->
<testsuite ignored="0" hostname="CyberLap" failures="1" tests="1" name="Command line test" time="16.575" errors="0" timestamp="2024-06-16T03:25:28 IST">
  <testcase classname="io.cucumber.testng.AbstractTestNGCucumberTests" name="runScenario" time="16.537">
    <failure type="java.lang.Exception" message="Site stuck on loading.">
      <![CDATA[java.lang.Exception: Site stuck on loading.
at pageObjects.EmiCalculatorPage.<init>(EmiCalculatorPage.java:59)
at cucumber.stepDefinitions.CalculateCarLoanEmiSteps.the_user_is_on_the_emi_calculator_page_using_chrome(CalculateCarLoanEmiSteps.java:30)
at ✽.the user is on the emi_calculator page using chrome(file:///C:/Users/shakt/eclipse-workspace/FindingInterestHackathon/src/test/resources/features/feature1/car_emi_calculator.feature:23)
]]>
    </failure>
  </testcase> <!-- runScenario -->
</testsuite> <!-- Command line test -->
